22:26:35 **** Build of configuration Release for project Arduino_Uno ****
make all 
Building file: /home/victor/arduino/arduino-1.0.5/hardware/arduino/cores/arduino/avr-libc/malloc.c
Invoking: AVR Compiler
avr-gcc -I/home/victor/arduino/arduino-1.0.5/hardware/arduino/variants/standard -I/home/victor/arduino/arduino-1.0.5/hardware/arduino/cores/arduino -DUSB_VID= -DUSB_PID= -DARDUINO=105 -Wall -Os -fpack-struct -fshort-enums -std=gnu99 -funsigned-char -funsigned-bitfields -g  -ffunction-sections  -fdata-sections -mmcu=atmega328p -DF_CPU=16000000UL -MMD -MP -MF"arduino/avr-libc/malloc.d" -MT"arduino/avr-libc/malloc.d"  -c -o "arduino/avr-libc/malloc.o" "/home/victor/arduino/arduino-1.0.5/hardware/arduino/cores/arduino/avr-libc/malloc.c"
Finished building: /home/victor/arduino/arduino-1.0.5/hardware/arduino/cores/arduino/avr-libc/malloc.c
 
Building file: /home/victor/arduino/arduino-1.0.5/hardware/arduino/cores/arduino/avr-libc/realloc.c
Invoking: AVR Compiler
avr-gcc -I/home/victor/arduino/arduino-1.0.5/hardware/arduino/variants/standard -I/home/victor/arduino/arduino-1.0.5/hardware/arduino/cores/arduino -DUSB_VID= -DUSB_PID= -DARDUINO=105 -Wall -Os -fpack-struct -fshort-enums -std=gnu99 -funsigned-char -funsigned-bitfields -g  -ffunction-sections  -fdata-sections -mmcu=atmega328p -DF_CPU=16000000UL -MMD -MP -MF"arduino/avr-libc/realloc.d" -MT"arduino/avr-libc/realloc.d"  -c -o "arduino/avr-libc/realloc.o" "/home/victor/arduino/arduino-1.0.5/hardware/arduino/cores/arduino/avr-libc/realloc.c"
Finished building: /home/victor/arduino/arduino-1.0.5/hardware/arduino/cores/arduino/avr-libc/realloc.c
 
Building file: /home/victor/arduino/arduino-1.0.5/hardware/arduino/cores/arduino/CDC.cpp
Invoking: AVR C++ Compiler
avr-g++ -I/home/victor/arduino/arduino-1.0.5/hardware/arduino/cores/arduino -I/home/victor/arduino/arduino-1.0.5/hardware/arduino/variants/standard -DUSB_PID= -DUSB_VID= -DARDUINO=105 -Wall -Os -fno-exceptions -g  -ffunction-sections  -fdata-sections -mmcu=atmega328p -DF_CPU=16000000UL -MMD -MP -MF"arduino/CDC.d" -MT"arduino/CDC.d"  -c -o "arduino/CDC.o" "/home/victor/arduino/arduino-1.0.5/hardware/arduino/cores/arduino/CDC.cpp"
/home/victor/arduino/arduino-1.0.5/hardware/arduino/cores/arduino/HardwareSerial.cpp: In function ‘void store_char(unsigned char, ring_buffer*)’:
/home/victor/arduino/arduino-1.0.5/hardware/arduino/cores/arduino/HardwareSerial.cpp:98:20: warning: comparison between signed and unsigned integer expressions [-Wsign-compare]
Finished building: /home/victor/arduino/arduino-1.0.5/hardware/arduino/cores/arduino/CDC.cpp
 
/home/victor/arduino/arduino-1.0.5/hardware/arduino/cores/arduino/HardwareSerial.cpp: In function ‘void __vector_18()’:
/home/victor/arduino/arduino-1.0.5/hardware/arduino/cores/arduino/HardwareSerial.cpp:127:21: warning: unused variable ‘c’ [-Wunused-variable]
Building file: /home/victor/arduino/arduino-1.0.5/hardware/arduino/cores/arduino/HID.cpp
Invoking: AVR C++ Compiler
/home/victor/arduino/arduino-1.0.5/hardware/arduino/cores/arduino/HardwareSerial.cpp: In member function ‘void HardwareSerial::begin(long unsigned int, byte)’:
/home/victor/arduino/arduino-1.0.5/hardware/arduino/cores/arduino/HardwareSerial.cpp:368:11: warning: unused variable ‘current_config’ [-Wunused-variable]
avr-g++ -I/home/victor/arduino/arduino-1.0.5/hardware/arduino/cores/arduino -I/home/victor/arduino/arduino-1.0.5/hardware/arduino/variants/standard -DUSB_PID= -DUSB_VID= -DARDUINO=105 -Wall -Os -fno-exceptions -g  -ffunction-sections  -fdata-sections -mmcu=atmega328p -DF_CPU=16000000UL -MMD -MP -MF"arduino/HID.d" -MT"arduino/HID.d"  -c -o "arduino/HID.o" "/home/victor/arduino/arduino-1.0.5/hardware/arduino/cores/arduino/HID.cpp"
Finished building: /home/victor/arduino/arduino-1.0.5/hardware/arduino/cores/arduino/HID.cpp
/home/victor/arduino/arduino-1.0.5/hardware/arduino/cores/arduino/HardwareSerial.cpp: In member function ‘virtual size_t HardwareSerial::write(uint8_t)’:
/home/victor/arduino/arduino-1.0.5/hardware/arduino/cores/arduino/HardwareSerial.cpp:467:27: warning: comparison between signed and unsigned integer expressions [-Wsign-compare]
 
Building file: /home/victor/arduino/arduino-1.0.5/hardware/arduino/cores/arduino/HardwareSerial.cpp
In file included from /home/victor/arduino/arduino-1.0.5/hardware/arduino/cores/arduino/IPAddress.cpp:3:0:
/home/victor/arduino/arduino-1.0.5/hardware/arduino/cores/arduino/IPAddress.h: In member function ‘IPAddress::operator uint32_t()’:
Invoking: AVR C++ Compiler
/home/victor/arduino/arduino-1.0.5/hardware/arduino/cores/arduino/IPAddress.h:51:55: warning: dereferencing type-punned pointer will break strict-aliasing rules [-Wstrict-aliasing]
avr-g++ -I/home/victor/arduino/arduino-1.0.5/hardware/arduino/cores/arduino -I/home/victor/arduino/arduino-1.0.5/hardware/arduino/variants/standard -DUSB_PID= -DUSB_VID= -DARDUINO=105 -Wall -Os -fno-exceptions -g  -ffunction-sections  -fdata-sections -mmcu=atmega328p -DF_CPU=16000000UL -MMD -MP -MF"arduino/HardwareSerial.d" -MT"arduino/HardwareSerial.d"  -c -o "arduino/HardwareSerial.o" "/home/victor/arduino/arduino-1.0.5/hardware/arduino/cores/arduino/HardwareSerial.cpp"
/home/victor/arduino/arduino-1.0.5/hardware/arduino/cores/arduino/IPAddress.h: In member function ‘bool IPAddress::operator==(const IPAddress&)’:
Finished building: /home/victor/arduino/arduino-1.0.5/hardware/arduino/cores/arduino/HardwareSerial.cpp
 
/home/victor/arduino/arduino-1.0.5/hardware/arduino/cores/arduino/IPAddress.h:52:75: warning: dereferencing type-punned pointer will break strict-aliasing rules [-Wstrict-aliasing]
Building file: /home/victor/arduino/arduino-1.0.5/hardware/arduino/cores/arduino/IPAddress.cpp
/home/victor/arduino/arduino-1.0.5/hardware/arduino/cores/arduino/IPAddress.h:52:108: warning: dereferencing type-punned pointer will break strict-aliasing rules [-Wstrict-aliasing]
Invoking: AVR C++ Compiler
/home/victor/arduino/arduino-1.0.5/hardware/arduino/cores/arduino/Print.cpp: In member function ‘size_t Print::print(const __FlashStringHelper*)’:
avr-g++ -I/home/victor/arduino/arduino-1.0.5/hardware/arduino/cores/arduino -I/home/victor/arduino/arduino-1.0.5/hardware/arduino/variants/standard -DUSB_PID= -DUSB_VID= -DARDUINO=105 -Wall -Os -fno-exceptions -g  -ffunction-sections  -fdata-sections -mmcu=atmega328p -DF_CPU=16000000UL -MMD -MP -MF"arduino/IPAddress.d" -MT"arduino/IPAddress.d"  -c -o "arduino/IPAddress.o" "/home/victor/arduino/arduino-1.0.5/hardware/arduino/cores/arduino/IPAddress.cpp"
/home/victor/arduino/arduino-1.0.5/hardware/arduino/cores/arduino/Print.cpp:44:23: warning: ‘__progmem__’ attribute ignored [-Wattributes]
Finished building: /home/victor/arduino/arduino-1.0.5/hardware/arduino/cores/arduino/IPAddress.cpp
 
Building file: /home/victor/arduino/arduino-1.0.5/hardware/arduino/cores/arduino/Print.cpp
Invoking: AVR C++ Compiler
avr-g++ -I/home/victor/arduino/arduino-1.0.5/hardware/arduino/cores/arduino -I/home/victor/arduino/arduino-1.0.5/hardware/arduino/variants/standard -DUSB_PID= -DUSB_VID= -DARDUINO=105 -Wall -Os -fno-exceptions -g  -ffunction-sections  -fdata-sections -mmcu=atmega328p -DF_CPU=16000000UL -MMD -MP -MF"arduino/Print.d" -MT"arduino/Print.d"  -c -o "arduino/Print.o" "/home/victor/arduino/arduino-1.0.5/hardware/arduino/cores/arduino/Print.cpp"
Finished building: /home/victor/arduino/arduino-1.0.5/hardware/arduino/cores/arduino/Print.cpp
 
Building file: /home/victor/arduino/arduino-1.0.5/hardware/arduino/cores/arduino/Stream.cpp
Invoking: AVR C++ Compiler
avr-g++ -I/home/victor/arduino/arduino-1.0.5/hardware/arduino/cores/arduino -I/home/victor/arduino/arduino-1.0.5/hardware/arduino/variants/standard -DUSB_PID= -DUSB_VID= -DARDUINO=105 -Wall -Os -fno-exceptions -g  -ffunction-sections  -fdata-sections -mmcu=atmega328p -DF_CPU=16000000UL -MMD -MP -MF"arduino/Stream.d" -MT"arduino/Stream.d"  -c -o "arduino/Stream.o" "/home/victor/arduino/arduino-1.0.5/hardware/arduino/cores/arduino/Stream.cpp"
Finished building: /home/victor/arduino/arduino-1.0.5/hardware/arduino/cores/arduino/Stream.cpp
 
Building file: /home/victor/arduino/arduino-1.0.5/hardware/arduino/cores/arduino/Tone.cpp
Invoking: AVR C++ Compiler
avr-g++ -I/home/victor/arduino/arduino-1.0.5/hardware/arduino/cores/arduino -I/home/victor/arduino/arduino-1.0.5/hardware/arduino/variants/standard -DUSB_PID= -DUSB_VID= -DARDUINO=105 -Wall -Os -fno-exceptions -g  -ffunction-sections  -fdata-sections -mmcu=atmega328p -DF_CPU=16000000UL -MMD -MP -MF"arduino/Tone.d" -MT"arduino/Tone.d"  -c -o "arduino/Tone.o" "/home/victor/arduino/arduino-1.0.5/hardware/arduino/cores/arduino/Tone.cpp"
Finished building: /home/victor/arduino/arduino-1.0.5/hardware/arduino/cores/arduino/Tone.cpp
 
Building file: /home/victor/arduino/arduino-1.0.5/hardware/arduino/cores/arduino/USBCore.cpp
Invoking: AVR C++ Compiler
avr-g++ -I/home/victor/arduino/arduino-1.0.5/hardware/arduino/cores/arduino -I/home/victor/arduino/arduino-1.0.5/hardware/arduino/variants/standard -DUSB_PID= -DUSB_VID= -DARDUINO=105 -Wall -Os -fno-exceptions -g  -ffunction-sections  -fdata-sections -mmcu=atmega328p -DF_CPU=16000000UL -MMD -MP -MF"arduino/USBCore.d" -MT"arduino/USBCore.d"  -c -o "arduino/USBCore.o" "/home/victor/arduino/arduino-1.0.5/hardware/arduino/cores/arduino/USBCore.cpp"
Finished building: /home/victor/arduino/arduino-1.0.5/hardware/arduino/cores/arduino/USBCore.cpp
 
Building file: /home/victor/arduino/arduino-1.0.5/hardware/arduino/cores/arduino/WInterrupts.c
Invoking: AVR Compiler
avr-gcc -I/home/victor/arduino/arduino-1.0.5/hardware/arduino/variants/standard -I/home/victor/arduino/arduino-1.0.5/hardware/arduino/cores/arduino -DUSB_VID= -DUSB_PID= -DARDUINO=105 -Wall -Os -fpack-struct -fshort-enums -std=gnu99 -funsigned-char -funsigned-bitfields -g  -ffunction-sections  -fdata-sections -mmcu=atmega328p -DF_CPU=16000000UL -MMD -MP -MF"arduino/WInterrupts.d" -MT"arduino/WInterrupts.d"  -c -o "arduino/WInterrupts.o" "/home/victor/arduino/arduino-1.0.5/hardware/arduino/cores/arduino/WInterrupts.c"
Finished building: /home/victor/arduino/arduino-1.0.5/hardware/arduino/cores/arduino/WInterrupts.c
 
Building file: /home/victor/arduino/arduino-1.0.5/hardware/arduino/cores/arduino/WMath.cpp
Invoking: AVR C++ Compiler
avr-g++ -I/home/victor/arduino/arduino-1.0.5/hardware/arduino/cores/arduino -I/home/victor/arduino/arduino-1.0.5/hardware/arduino/variants/standard -DUSB_PID= -DUSB_VID= -DARDUINO=105 -Wall -Os -fno-exceptions -g  -ffunction-sections  -fdata-sections -mmcu=atmega328p -DF_CPU=16000000UL -MMD -MP -MF"arduino/WMath.d" -MT"arduino/WMath.d"  -c -o "arduino/WMath.o" "/home/victor/arduino/arduino-1.0.5/hardware/arduino/cores/arduino/WMath.cpp"
Finished building: /home/victor/arduino/arduino-1.0.5/hardware/arduino/cores/arduino/WMath.cpp
 
Building file: /home/victor/arduino/arduino-1.0.5/hardware/arduino/cores/arduino/WString.cpp
Invoking: AVR C++ Compiler
avr-g++ -I/home/victor/arduino/arduino-1.0.5/hardware/arduino/cores/arduino -I/home/victor/arduino/arduino-1.0.5/hardware/arduino/variants/standard -DUSB_PID= -DUSB_VID= -DARDUINO=105 -Wall -Os -fno-exceptions -g  -ffunction-sections  -fdata-sections -mmcu=atmega328p -DF_CPU=16000000UL -MMD -MP -MF"arduino/WString.d" -MT"arduino/WString.d"  -c -o "arduino/WString.o" "/home/victor/arduino/arduino-1.0.5/hardware/arduino/cores/arduino/WString.cpp"
Finished building: /home/victor/arduino/arduino-1.0.5/hardware/arduino/cores/arduino/WString.cpp
 
Building file: /home/victor/arduino/arduino-1.0.5/hardware/arduino/cores/arduino/main.cpp
Invoking: AVR C++ Compiler
avr-g++ -I/home/victor/arduino/arduino-1.0.5/hardware/arduino/cores/arduino -I/home/victor/arduino/arduino-1.0.5/hardware/arduino/variants/standard -DUSB_PID= -DUSB_VID= -DARDUINO=105 -Wall -Os -fno-exceptions -g  -ffunction-sections  -fdata-sections -mmcu=atmega328p -DF_CPU=16000000UL -MMD -MP -MF"arduino/main.d" -MT"arduino/main.d"  -c -o "arduino/main.o" "/home/victor/arduino/arduino-1.0.5/hardware/arduino/cores/arduino/main.cpp"
Finished building: /home/victor/arduino/arduino-1.0.5/hardware/arduino/cores/arduino/main.cpp
 
Building file: /home/victor/arduino/arduino-1.0.5/hardware/arduino/cores/arduino/new.cpp
Invoking: AVR C++ Compiler
avr-g++ -I/home/victor/arduino/arduino-1.0.5/hardware/arduino/cores/arduino -I/home/victor/arduino/arduino-1.0.5/hardware/arduino/variants/standard -DUSB_PID= -DUSB_VID= -DARDUINO=105 -Wall -Os -fno-exceptions -g  -ffunction-sections  -fdata-sections -mmcu=atmega328p -DF_CPU=16000000UL -MMD -MP -MF"arduino/new.d" -MT"arduino/new.d"  -c -o "arduino/new.o" "/home/victor/arduino/arduino-1.0.5/hardware/arduino/cores/arduino/new.cpp"
Finished building: /home/victor/arduino/arduino-1.0.5/hardware/arduino/cores/arduino/new.cpp
 
Building file: /home/victor/arduino/arduino-1.0.5/hardware/arduino/cores/arduino/wiring.c
Invoking: AVR Compiler
avr-gcc -I/home/victor/arduino/arduino-1.0.5/hardware/arduino/variants/standard -I/home/victor/arduino/arduino-1.0.5/hardware/arduino/cores/arduino -DUSB_VID= -DUSB_PID= -DARDUINO=105 -Wall -Os -fpack-struct -fshort-enums -std=gnu99 -funsigned-char -funsigned-bitfields -g  -ffunction-sections  -fdata-sections -mmcu=atmega328p -DF_CPU=16000000UL -MMD -MP -MF"arduino/wiring.d" -MT"arduino/wiring.d"  -c -o "arduino/wiring.o" "/home/victor/arduino/arduino-1.0.5/hardware/arduino/cores/arduino/wiring.c"
Finished building: /home/victor/arduino/arduino-1.0.5/hardware/arduino/cores/arduino/wiring.c
 
Building file: /home/victor/arduino/arduino-1.0.5/hardware/arduino/cores/arduino/wiring_analog.c
Invoking: AVR Compiler
avr-gcc -I/home/victor/arduino/arduino-1.0.5/hardware/arduino/variants/standard -I/home/victor/arduino/arduino-1.0.5/hardware/arduino/cores/arduino -DUSB_VID= -DUSB_PID= -DARDUINO=105 -Wall -Os -fpack-struct -fshort-enums -std=gnu99 -funsigned-char -funsigned-bitfields -g  -ffunction-sections  -fdata-sections -mmcu=atmega328p -DF_CPU=16000000UL -MMD -MP -MF"arduino/wiring_analog.d" -MT"arduino/wiring_analog.d"  -c -o "arduino/wiring_analog.o" "/home/victor/arduino/arduino-1.0.5/hardware/arduino/cores/arduino/wiring_analog.c"
avr-ar: creating libArduino_Uno.a
Finished building: /home/victor/arduino/arduino-1.0.5/hardware/arduino/cores/arduino/wiring_analog.c
 
Building file: /home/victor/arduino/arduino-1.0.5/hardware/arduino/cores/arduino/wiring_digital.c
Invoking: AVR Compiler
avr-gcc -I/home/victor/arduino/arduino-1.0.5/hardware/arduino/variants/standard -I/home/victor/arduino/arduino-1.0.5/hardware/arduino/cores/arduino -DUSB_VID= -DUSB_PID= -DARDUINO=105 -Wall -Os -fpack-struct -fshort-enums -std=gnu99 -funsigned-char -funsigned-bitfields -g  -ffunction-sections  -fdata-sections -mmcu=atmega328p -DF_CPU=16000000UL -MMD -MP -MF"arduino/wiring_digital.d" -MT"arduino/wiring_digital.d"  -c -o "arduino/wiring_digital.o" "/home/victor/arduino/arduino-1.0.5/hardware/arduino/cores/arduino/wiring_digital.c"
Finished building: /home/victor/arduino/arduino-1.0.5/hardware/arduino/cores/arduino/wiring_digital.c
 
Building file: /home/victor/arduino/arduino-1.0.5/hardware/arduino/cores/arduino/wiring_pulse.c
Invoking: AVR Compiler
avr-gcc -I/home/victor/arduino/arduino-1.0.5/hardware/arduino/variants/standard -I/home/victor/arduino/arduino-1.0.5/hardware/arduino/cores/arduino -DUSB_VID= -DUSB_PID= -DARDUINO=105 -Wall -Os -fpack-struct -fshort-enums -std=gnu99 -funsigned-char -funsigned-bitfields -g  -ffunction-sections  -fdata-sections -mmcu=atmega328p -DF_CPU=16000000UL -MMD -MP -MF"arduino/wiring_pulse.d" -MT"arduino/wiring_pulse.d"  -c -o "arduino/wiring_pulse.o" "/home/victor/arduino/arduino-1.0.5/hardware/arduino/cores/arduino/wiring_pulse.c"
Finished building: /home/victor/arduino/arduino-1.0.5/hardware/arduino/cores/arduino/wiring_pulse.c
 
Building file: /home/victor/arduino/arduino-1.0.5/hardware/arduino/cores/arduino/wiring_shift.c
Invoking: AVR Compiler
avr-gcc -I/home/victor/arduino/arduino-1.0.5/hardware/arduino/variants/standard -I/home/victor/arduino/arduino-1.0.5/hardware/arduino/cores/arduino -DUSB_VID= -DUSB_PID= -DARDUINO=105 -Wall -Os -fpack-struct -fshort-enums -std=gnu99 -funsigned-char -funsigned-bitfields -g  -ffunction-sections  -fdata-sections -mmcu=atmega328p -DF_CPU=16000000UL -MMD -MP -MF"arduino/wiring_shift.d" -MT"arduino/wiring_shift.d"  -c -o "arduino/wiring_shift.o" "/home/victor/arduino/arduino-1.0.5/hardware/arduino/cores/arduino/wiring_shift.c"
Finished building: /home/victor/arduino/arduino-1.0.5/hardware/arduino/cores/arduino/wiring_shift.c
 
Building target: libArduino_Uno.a
Invoking: AVR Archiver
avr-ar -r  "libArduino_Uno.a"  ./arduino/avr-libc/malloc.o ./arduino/avr-libc/realloc.o  ./arduino/CDC.o ./arduino/HID.o ./arduino/HardwareSerial.o ./arduino/IPAddress.o ./arduino/Print.o ./arduino/Stream.o ./arduino/Tone.o ./arduino/USBCore.o ./arduino/WInterrupts.o ./arduino/WMath.o ./arduino/WString.o ./arduino/main.o ./arduino/new.o ./arduino/wiring.o ./arduino/wiring_analog.o ./arduino/wiring_digital.o ./arduino/wiring_pulse.o ./arduino/wiring_shift.o  
Finished building target: libArduino_Uno.a
 
Invoking: AVR Create Extended Listing
avr-objdump -h -S libArduino_Uno.a  >"libArduino_Uno.lss"
Finished building: libArduino_Uno.lss
 
Invoking: Print Size
avr-size --format=avr --mcu=atmega328p libArduino_Uno.a
AVR Memory Usage
----------------
Device: atmega328p

Program:       0 bytes (0.0% Full)
(.text + .data + .bootloader)

Data:          0 bytes (0.0% Full)
(.data + .bss + .noinit)


AVR Memory Usage
----------------
Device: atmega328p

Program:       0 bytes (0.0% Full)
(.text + .data + .bootloader)

Data:          0 bytes (0.0% Full)
(.data + .bss + .noinit)


AVR Memory Usage
----------------
Device: atmega328p

Program:       0 bytes (0.0% Full)
(.text + .data + .bootloader)

Data:          0 bytes (0.0% Full)
(.data + .bss + .noinit)


AVR Memory Usage
----------------
Device: atmega328p

Program:       0 bytes (0.0% Full)
(.text + .data + .bootloader)

Data:          0 bytes (0.0% Full)
(.data + .bss + .noinit)


AVR Memory Usage
----------------
Device: atmega328p

Program:       0 bytes (0.0% Full)
(.text + .data + .bootloader)

Data:          0 bytes (0.0% Full)
(.data + .bss + .noinit)


AVR Memory Usage
----------------
Device: atmega328p

Program:       0 bytes (0.0% Full)
(.text + .data + .bootloader)

Data:          0 bytes (0.0% Full)
(.data + .bss + .noinit)


AVR Memory Usage
----------------
Device: atmega328p

Program:       0 bytes (0.0% Full)
(.text + .data + .bootloader)

Data:          0 bytes (0.0% Full)
(.data + .bss + .noinit)


AVR Memory Usage
----------------
Device: atmega328p

Program:       0 bytes (0.0% Full)
(.text + .data + .bootloader)

Data:          0 bytes (0.0% Full)
(.data + .bss + .noinit)


AVR Memory Usage
----------------
Device: atmega328p

Program:       0 bytes (0.0% Full)
(.text + .data + .bootloader)

Data:          0 bytes (0.0% Full)
(.data + .bss + .noinit)


AVR Memory Usage
----------------
Device: atmega328p

Program:       0 bytes (0.0% Full)
(.text + .data + .bootloader)

Data:          0 bytes (0.0% Full)
(.data + .bss + .noinit)


AVR Memory Usage
----------------
Device: atmega328p

Program:       0 bytes (0.0% Full)
(.text + .data + .bootloader)

Data:          0 bytes (0.0% Full)
(.data + .bss + .noinit)


AVR Memory Usage
----------------
Device: atmega328p

Program:       0 bytes (0.0% Full)
(.text + .data + .bootloader)

Data:          0 bytes (0.0% Full)
(.data + .bss + .noinit)


AVR Memory Usage
----------------
Device: atmega328p

Program:       0 bytes (0.0% Full)
(.text + .data + .bootloader)

Data:          0 bytes (0.0% Full)
(.data + .bss + .noinit)


AVR Memory Usage
----------------
Device: atmega328p

Program:       0 bytes (0.0% Full)
(.text + .data + .bootloader)

Data:          0 bytes (0.0% Full)
(.data + .bss + .noinit)


AVR Memory Usage
----------------
Device: atmega328p

Program:       0 bytes (0.0% Full)
(.text + .data + .bootloader)

Data:          0 bytes (0.0% Full)
(.data + .bss + .noinit)


AVR Memory Usage
----------------
Device: atmega328p

Program:       0 bytes (0.0% Full)
(.text + .data + .bootloader)

Data:          0 bytes (0.0% Full)
(.data + .bss + .noinit)


AVR Memory Usage
----------------
Device: atmega328p

Program:       0 bytes (0.0% Full)
(.text + .data + .bootloader)

Data:          0 bytes (0.0% Full)
(.data + .bss + .noinit)


AVR Memory Usage
----------------
Device: atmega328p

Program:       0 bytes (0.0% Full)
(.text + .data + .bootloader)

Data:          0 bytes (0.0% Full)
(.data + .bss + .noinit)


AVR Memory Usage
----------------
Device: atmega328p

Program:       0 bytes (0.0% Full)
(.text + .data + .bootloader)

Data:          0 bytes (0.0% Full)
(.data + .bss + .noinit)


AVR Memory Usage
----------------
Device: atmega328p

Program:       0 bytes (0.0% Full)
(.text + .data + .bootloader)

Data:          0 bytes (0.0% Full)
(.data + .bss + .noinit)


Finished building: sizedummy
 

22:26:36 Build Finished (took 1s.59ms)

